<?xml version="1.0" encoding="UTF-8"?>
<!-- Generated by org.testng.reporters.JUnitReportReporter -->
<testsuite hostname="DESKTOP-NBEOG5P" failures="0" tests="1" name="com.magneto.testcase.TC_SalePage_008" time="39.499" errors="0" timestamp="2024-06-15T00:43:48 IST" skipped="0">
  <testcase classname="com.magneto.testcase.TC_SalePage_008" name="navigationButtontest" time="39.499"/>
</testsuite> <!-- com.magneto.testcase.TC_SalePage_008 -->
