<?xml version="1.0" encoding="UTF-8"?>
<!-- Generated by org.testng.reporters.JUnitReportReporter -->
<testsuite hostname="DESKTOP-NBEOG5P" failures="0" tests="1" name="com.magneto.testcase.TC_LoginPage_003" time="37.561" errors="0" timestamp="2024-06-12T23:33:45 IST" skipped="0">
  <testcase classname="com.magneto.testcase.TC_LoginPage_003" name="LoginPagetestWithoutEmailandPassword" time="37.561"/>
</testsuite> <!-- com.magneto.testcase.TC_LoginPage_003 -->
