<?xml version="1.0" encoding="UTF-8"?>
<!-- Generated by org.testng.reporters.JUnitReportReporter -->
<testsuite hostname="DESKTOP-NBEOG5P" failures="0" tests="1" name="com.magneto.testcase.TC_GearPage_005" time="37.271" errors="0" timestamp="2024-06-14T13:52:53 IST" skipped="0">
  <testcase classname="com.magneto.testcase.TC_GearPage_005" name="Selectproductthroughfiltertest" time="37.271"/>
</testsuite> <!-- com.magneto.testcase.TC_GearPage_005 -->
