<?xml version="1.0" encoding="UTF-8"?>
<!-- Generated by org.testng.reporters.JUnitReportReporter -->
<testsuite hostname="DESKTOP-NBEOG5P" failures="0" tests="2" name="com.magneto.testcase.TC_SalePage_008" time="63.903" errors="0" timestamp="2024-06-15T01:05:49 IST" skipped="0">
  <testcase classname="com.magneto.testcase.TC_SalePage_008" name="navigationButtontest" time="39.225"/>
  <testcase classname="com.magneto.testcase.TC_SalePage_008" name="titleVerifiedtest" time="24.678"/>
</testsuite> <!-- com.magneto.testcase.TC_SalePage_008 -->
