<?xml version="1.0" encoding="UTF-8"?>
<!-- Generated by org.testng.reporters.JUnitReportReporter -->
<testsuite hostname="DESKTOP-NBEOG5P" failures="0" tests="1" name="com.magneto.testcase.TC_WomenPage_004" time="40.896" errors="0" timestamp="2024-06-14T09:49:43 IST" skipped="0">
  <testcase classname="com.magneto.testcase.TC_WomenPage_004" name="addtoComparetest" time="40.896"/>
</testsuite> <!-- com.magneto.testcase.TC_WomenPage_004 -->
