<?xml version="1.0" encoding="UTF-8"?>
<!-- Generated by org.testng.reporters.JUnitReportReporter -->
<testsuite hostname="DESKTOP-NBEOG5P" failures="0" tests="1" name="com.magneto.testcase.TC_HomePage_002" time="29.380" errors="0" timestamp="2024-06-14T23:32:00 IST" skipped="0">
  <testcase classname="com.magneto.testcase.TC_HomePage_002" name="SignOutVerify" time="29.380"/>
</testsuite> <!-- com.magneto.testcase.TC_HomePage_002 -->
