<?xml version="1.0" encoding="UTF-8"?>
<!-- Generated by org.testng.reporters.JUnitReportReporter -->
<testsuite hostname="DESKTOP-NBEOG5P" failures="0" tests="1" name="com.magneto.testcase.TC_GearPage_006" time="38.316" errors="0" timestamp="2024-06-14T19:51:15 IST" skipped="0">
  <testcase classname="com.magneto.testcase.TC_GearPage_006" name="addtoComparethroughfiltertest" time="38.316"/>
</testsuite> <!-- com.magneto.testcase.TC_GearPage_006 -->
