<?xml version="1.0" encoding="UTF-8"?>
<!-- Generated by org.testng.reporters.JUnitReportReporter -->
<testsuite hostname="DESKTOP-NBEOG5P" failures="0" tests="1" name="com.magneto.testcase.TC_WhatsNewPage_009" time="37.311" errors="0" timestamp="2024-06-14T23:08:29 IST" skipped="0">
  <testcase classname="com.magneto.testcase.TC_WhatsNewPage_009" name="whatsNewtReviewSubmittest" time="37.311"/>
</testsuite> <!-- com.magneto.testcase.TC_WhatsNewPage_009 -->
