<?xml version="1.0" encoding="UTF-8"?>
<!-- Generated by org.testng.reporters.JUnitReportReporter -->
<testsuite hostname="DESKTOP-NBEOG5P" failures="0" tests="1" name="com.magneto.testcase.TC_CreateACC_001" time="39.059" errors="0" timestamp="2024-06-18T22:43:59 IST" skipped="0">
  <testcase classname="com.magneto.testcase.TC_CreateACC_001" name="CreateAccountTest" time="39.059"/>
</testsuite> <!-- com.magneto.testcase.TC_CreateACC_001 -->
