<?xml version="1.0" encoding="UTF-8"?>
<!-- Generated by org.testng.reporters.JUnitReportReporter -->
<testsuite hostname="DESKTOP-NBEOG5P" failures="0" tests="1" name="com.magneto.testcase.TC_CreateACC_001" time="18.394" errors="0" timestamp="2024-06-14T23:15:04 IST" skipped="0">
  <testcase classname="com.magneto.testcase.TC_CreateACC_001" name="CreateAccountTest" time="18.394"/>
</testsuite> <!-- com.magneto.testcase.TC_CreateACC_001 -->
