<?xml version="1.0" encoding="UTF-8"?>
<!-- Generated by org.testng.reporters.JUnitReportReporter -->
<testsuite hostname="DESKTOP-NBEOG5P" failures="0" tests="1" name="com.magneto.testcase.TC_HomePageTitle_002" time="0.066" errors="0" timestamp="2024-06-10T20:07:01 IST" skipped="0">
  <testcase classname="com.magneto.testcase.TC_HomePageTitle_002" name="HomePageTitleerify" time="0.066"/>
</testsuite> <!-- com.magneto.testcase.TC_HomePageTitle_002 -->
