<?xml version="1.0" encoding="UTF-8"?>
<!-- Generated by org.testng.reporters.JUnitReportReporter -->
<testsuite hostname="DESKTOP-NBEOG5P" failures="0" tests="1" name="com.magneto.testcase.TC_MenPage_005" time="24.064" errors="0" timestamp="2024-06-14T18:46:49 IST" skipped="0">
  <testcase classname="com.magneto.testcase.TC_MenPage_005" name="mensBottomProductAddToCarttest" time="24.064"/>
</testsuite> <!-- com.magneto.testcase.TC_MenPage_005 -->
