<?xml version="1.0" encoding="UTF-8"?>
<!-- Generated by org.testng.reporters.JUnitReportReporter -->
<testsuite hostname="DESKTOP-NBEOG5P" failures="0" tests="1" name="com.magneto.testcase.TC_GearPage_006" time="39.618" errors="0" timestamp="2024-06-19T19:17:48 IST" skipped="0">
  <testcase classname="com.magneto.testcase.TC_GearPage_006" name="wishlistProductthroughfiltertest" time="39.618"/>
</testsuite> <!-- com.magneto.testcase.TC_GearPage_006 -->
