<?xml version="1.0" encoding="UTF-8"?>
<!-- Generated by org.testng.reporters.JUnitReportReporter -->
<testsuite hostname="DESKTOP-NBEOG5P" failures="0" tests="1" name="com.magneto.testcase.TC_TrainingPage_007" time="31.132" errors="0" timestamp="2024-06-14T17:05:22 IST" skipped="0">
  <testcase classname="com.magneto.testcase.TC_TrainingPage_007" name="titleverifiedtest" time="31.132"/>
</testsuite> <!-- com.magneto.testcase.TC_TrainingPage_007 -->
