<?xml version="1.0" encoding="UTF-8"?>
<!-- Generated by org.testng.reporters.JUnitReportReporter -->
<testsuite hostname="DESKTOP-NBEOG5P" failures="0" tests="1" name="com.magneto.testcase.TC_ForgotPwdPage_004" time="11.093" errors="0" timestamp="2024-06-11T00:02:25 IST" skipped="0">
  <testcase classname="com.magneto.testcase.TC_ForgotPwdPage_004" name="ForgotPwdtest" time="11.093"/>
</testsuite> <!-- com.magneto.testcase.TC_ForgotPwdPage_004 -->
